{"logTime": "0916/015942", "correlationVector":"dHxoqd59NFkSHwg1bXNb94.1","action":"SyncServerConnectionManagerRequest", "result":"SYNC_SERVER_OK", "context":{"environment":"Prod_southeastasia_prod-s01-064-apac-southeastasia", "migrationStage":"NotStarted", "server":"akswtt10200000q"}}
{"logTime": "0916/015942", "correlationVector":"dHxoqd59NFkSHwg1bXNb94.2","action":"ProcessGetUpdates", "result":"Done", "context":{"dataType":"Encryption Keys", "deleted":"0", "process_failed_to_decrypt":"0", "process_pending_decryption":"0", "process_success":"1", "total":"1"}}
{"logTime": "0916/015943", "correlationVector":"OJSyiGEw9+fQXPZAasl1MP","action":"SyncServerConnectionManagerRequest", "result":"SYNC_SERVER_OK", "context":{"environment":"", "migrationStage":"", "server":""}}
{"logTime": "0916/015943", "correlationVector":"OJSyiGEw9+fQXPZAasl1MP.0","action":"EncryptionKeysFetcher.DownloadKeys:", "result":"Success", "context":Key count: 5, Last key timestamp: 2025-04-07T12:53:29Z}
{"logTime": "0916/015943", "correlationVector":"OJSyiGEw9+fQXPZAasl1MP.1","action":"EncryptionKeysManager::SetEncryptionKeys:", "result":"Success", "context":Key names[5]:[6LZGL8qKUEUjc0JMkTTfESLeZ5mcC4R76NRvddO2En+5rGviVjC62Kwd+8SDQ74E6XUsZSzy3ph2RXyCI3Du7w==][9FNAcA6OtfQ9OjmnauXaxv7ZDpEwBVtEr5gx8Y+wMlC4JGxo8h7uUXyPUO4/VyV9x++teXv5vtPlTsv1SumXEQ==][GOwl6pRwKGtZvxmvmdlRLdnc3f49a1ZA0u+rpa8B0cTKtv7L75jDKsmyKdku82iyUBFCKB9FwZbMO7Kjtcsd5Q==][vB4Zzjz7q15TePSTxi/KizmSH+O48wdPky5EN04vQA54bDmmBGrf9g7XVB0L7WDPVqkTbmemxn39FQdRjMWlnQ==][knsLHtCFQCFHzsdqpUHbXYtb+norEGh8lo2/G2a54JbbOv+ib/Q5/c3sWTSqGsyawpoE4naXo5QlZWq0TRgMQw==]}
{"logTime": "0916/015943", "correlationVector":"OJSyiGEw9+fQXPZAasl1MP.2","action":"EncryptionKeysManager::SetEncryptionKeysWithTimestamps:", "result":"Success", "context":Key timestamps[5]:[2022-12-24T11:12:02Z][2023-11-16T12:52:41Z][2024-04-09T10:43:04Z][2024-10-07T02:30:01Z][2025-04-07T12:53:29Z]}
{"logTime": "0916/015943", "correlationVector":"dHxoqd59NFkSHwg1bXNb94","action":"Initial GetUpdates", "result":"", "context":Reason: NEW_CLIENT. cV=dHxoqd59NFkSHwg1bXNb94}
{"logTime": "0916/015943", "correlationVector":"dHxoqd59NFkSHwg1bXNb94.3","action":"GetUpdates Response", "result":"Success", "context":Received 1 update(s). cV=dHxoqd59NFkSHwg1bXNb94.0;server=akswtt10200000q;cloudType=Consumer;environment=Prod_southeastasia_prod-s01-064-apac-southeastasia;migrationStage=NotStarted}
{"logTime": "0916/015943", "correlationVector":"oXcpcJ/fFDGR2zsTKB+XfL","action":"Initial GetUpdates", "result":"", "context":Reason: NEWLY_SUPPORTED_DATATYPE. cV=oXcpcJ/fFDGR2zsTKB+XfL}
{"logTime": "0916/015944", "correlationVector":"oXcpcJ/fFDGR2zsTKB+XfL.1","action":"SyncServerConnectionManagerRequest", "result":"SYNC_SERVER_OK", "context":{"environment":"Prod_southeastasia_prod-s01-065-apac-southeastasia", "migrationStage":"NotStarted", "server":"akswtt10200000o"}}
{"logTime": "0916/015944", "correlationVector":"oXcpcJ/fFDGR2zsTKB+XfL.2","action":"ProcessGetUpdates", "result":"Done", "context":{"dataType":"Preferences", "deleted":"0", "process_failed_to_decrypt":"0", "process_pending_decryption":"0", "process_success":"108", "total":"108"}}
{"logTime": "0916/015944", "correlationVector":"oXcpcJ/fFDGR2zsTKB+XfL.3","action":"ProcessGetUpdates", "result":"Done", "context":{"dataType":"Passwords", "deleted":"1", "process_failed_to_decrypt":"0", "process_pending_decryption":"0", "process_success":"45", "total":"45"}}
{"logTime": "0916/015944", "correlationVector":"oXcpcJ/fFDGR2zsTKB+XfL.4","action":"ProcessGetUpdates", "result":"Done", "context":{"dataType":"Device Info", "deleted":"0", "process_failed_to_decrypt":"0", "process_pending_decryption":"0", "process_success":"3", "total":"3"}}
{"logTime": "0916/015944", "correlationVector":"oXcpcJ/fFDGR2zsTKB+XfL.5","action":"GetUpdates Response", "result":"Success", "context":Received 156 update(s). cV=oXcpcJ/fFDGR2zsTKB+XfL.0;server=akswtt10200000o;cloudType=Consumer;environment=Prod_southeastasia_prod-s01-065-apac-southeastasia;migrationStage=NotStarted}
{"logTime": "0916/015944", "correlationVector":"rqBfPMDsGOnvtSvU3kcCiz","action":"Initial GetUpdates", "result":"", "context":Reason: NEWLY_SUPPORTED_DATATYPE. cV=rqBfPMDsGOnvtSvU3kcCiz}
{"logTime": "0916/015944", "correlationVector":"rqBfPMDsGOnvtSvU3kcCiz.1","action":"SyncServerConnectionManagerRequest", "result":"SYNC_SERVER_OK", "context":{"environment":"Prod_southeastasia_prod-s01-065-apac-southeastasia", "migrationStage":"NotStarted", "server":"akswtt10200000j"}}
{"logTime": "0916/015944", "correlationVector":"rqBfPMDsGOnvtSvU3kcCiz.2","action":"ProcessGetUpdates", "result":"Done", "context":{"dataType":"Bookmarks", "deleted":"21", "process_failed_to_decrypt":"0", "process_pending_decryption":"0", "process_success":"37", "total":"37"}}
{"logTime": "0916/015944", "correlationVector":"rqBfPMDsGOnvtSvU3kcCiz.3","action":"GetUpdates Response", "result":"Success", "context":Received 37 update(s). cV=rqBfPMDsGOnvtSvU3kcCiz.0;server=akswtt10200000j;cloudType=Consumer;environment=Prod_southeastasia_prod-s01-065-apac-southeastasia;migrationStage=NotStarted}
{"logTime": "0916/015945", "correlationVector":"/CbzRHpDfwOUb4ewoKNr+3","action":"Initial GetUpdates", "result":"", "context":Reason: NEWLY_SUPPORTED_DATATYPE. cV=/CbzRHpDfwOUb4ewoKNr+3}
{"logTime": "0916/015946", "correlationVector":"/CbzRHpDfwOUb4ewoKNr+3.1","action":"SyncServerConnectionManagerRequest", "result":"SYNC_SERVER_OK", "context":{"environment":"Prod_southeastasia_prod-s01-065-apac-southeastasia", "migrationStage":"NotStarted", "server":"akswtt10200000j"}}
{"logTime": "0916/015946", "correlationVector":"/CbzRHpDfwOUb4ewoKNr+3.2","action":"ProcessGetUpdates", "result":"Done", "context":{"dataType":"Autofill Profiles", "deleted":"0", "process_failed_to_decrypt":"0", "process_pending_decryption":"0", "process_success":"9", "total":"9"}}
{"logTime": "0916/015946", "correlationVector":"/CbzRHpDfwOUb4ewoKNr+3.3","action":"ProcessGetUpdates", "result":"Done", "context":{"dataType":"Autofill", "deleted":"0", "process_failed_to_decrypt":"0", "process_pending_decryption":"0", "process_success":"241", "total":"241"}}
{"logTime": "0916/015946", "correlationVector":"/CbzRHpDfwOUb4ewoKNr+3.4","action":"GetUpdates Response", "result":"Success", "context":Received 250 update(s). cV=/CbzRHpDfwOUb4ewoKNr+3.0;server=akswtt10200000j;cloudType=Consumer;environment=Prod_southeastasia_prod-s01-065-apac-southeastasia;migrationStage=NotStarted Some updates remain.}
{"logTime": "0916/015946", "correlationVector":"dPDE3g+61mxv2bajmo+bzc","action":"Initial GetUpdates", "result":"", "context":Reason: NEWLY_SUPPORTED_DATATYPE. cV=dPDE3g+61mxv2bajmo+bzc}
{"logTime": "0916/015946", "correlationVector":"dPDE3g+61mxv2bajmo+bzc.1","action":"SyncServerConnectionManagerRequest", "result":"SYNC_SERVER_OK", "context":{"environment":"Prod_southeastasia_prod-s01-065-apac-southeastasia", "migrationStage":"NotStarted", "server":"akswtt10200000d"}}
{"logTime": "0916/015946", "correlationVector":"dPDE3g+61mxv2bajmo+bzc.2","action":"ProcessGetUpdates", "result":"Done", "context":{"dataType":"Autofill Profiles", "deleted":"0", "process_failed_to_decrypt":"0", "process_pending_decryption":"0", "process_success":"14", "total":"14"}}
{"logTime": "0916/015946", "correlationVector":"dPDE3g+61mxv2bajmo+bzc.3","action":"ProcessGetUpdates", "result":"Done", "context":{"dataType":"Autofill", "deleted":"0", "process_failed_to_decrypt":"0", "process_pending_decryption":"0", "process_success":"179", "total":"179"}}
{"logTime": "0916/015946", "correlationVector":"dPDE3g+61mxv2bajmo+bzc.4","action":"ProcessGetUpdates", "result":"Done", "context":{"dataType":"Sessions", "deleted":"52", "process_failed_to_decrypt":"0", "process_pending_decryption":"0", "process_success":"52", "total":"52"}}
{"logTime": "0916/015946", "correlationVector":"dPDE3g+61mxv2bajmo+bzc.5","action":"ProcessGetUpdates", "result":"Done", "context":{"dataType":"Edge Hub App Usage", "deleted":"0", "process_failed_to_decrypt":"0", "process_pending_decryption":"0", "process_success":"5", "total":"5"}}
{"logTime": "0916/015946", "correlationVector":"dPDE3g+61mxv2bajmo+bzc.6","action":"GetUpdates Response", "result":"Success", "context":Received 250 update(s). cV=dPDE3g+61mxv2bajmo+bzc.0;server=akswtt10200000d;cloudType=Consumer;environment=Prod_southeastasia_prod-s01-065-apac-southeastasia;migrationStage=NotStarted Some updates remain.}
{"logTime": "0916/015946", "correlationVector":"aEna26r6pB9p8sLjKA2ZGX","action":"Initial GetUpdates", "result":"", "context":Reason: NEWLY_SUPPORTED_DATATYPE. cV=aEna26r6pB9p8sLjKA2ZGX}
{"logTime": "0916/015947", "correlationVector":"aEna26r6pB9p8sLjKA2ZGX.1","action":"SyncServerConnectionManagerRequest", "result":"SYNC_SERVER_OK", "context":{"environment":"Prod_southeastasia_prod-s01-065-apac-southeastasia", "migrationStage":"NotStarted", "server":"akswtt102000011"}}
{"logTime": "0916/015947", "correlationVector":"aEna26r6pB9p8sLjKA2ZGX.2","action":"ProcessGetUpdates", "result":"Done", "context":{"dataType":"Autofill Profiles", "deleted":"0", "process_failed_to_decrypt":"0", "process_pending_decryption":"0", "process_success":"9", "total":"9"}}
{"logTime": "0916/015947", "correlationVector":"aEna26r6pB9p8sLjKA2ZGX.3","action":"ProcessGetUpdates", "result":"Done", "context":{"dataType":"Autofill", "deleted":"0", "process_failed_to_decrypt":"0", "process_pending_decryption":"0", "process_success":"52", "total":"52"}}
{"logTime": "0916/015947", "correlationVector":"aEna26r6pB9p8sLjKA2ZGX.4","action":"ProcessGetUpdates", "result":"Done", "context":{"dataType":"Sessions", "deleted":"175", "process_failed_to_decrypt":"0", "process_pending_decryption":"0", "process_success":"175", "total":"175"}}
{"logTime": "0916/015947", "correlationVector":"aEna26r6pB9p8sLjKA2ZGX.5","action":"ProcessGetUpdates", "result":"Done", "context":{"dataType":"Edge Hub App Usage", "deleted":"4", "process_failed_to_decrypt":"0", "process_pending_decryption":"0", "process_success":"14", "total":"14"}}
{"logTime": "0916/015947", "correlationVector":"aEna26r6pB9p8sLjKA2ZGX.6","action":"GetUpdates Response", "result":"Success", "context":Received 250 update(s). cV=aEna26r6pB9p8sLjKA2ZGX.0;server=akswtt102000011;cloudType=Consumer;environment=Prod_southeastasia_prod-s01-065-apac-southeastasia;migrationStage=NotStarted Some updates remain.}
{"logTime": "0916/015947", "correlationVector":"q91GsjYfv+yj/1dQKnoqY8","action":"Initial GetUpdates", "result":"", "context":Reason: NEWLY_SUPPORTED_DATATYPE. cV=q91GsjYfv+yj/1dQKnoqY8}
{"logTime": "0916/015948", "correlationVector":"q91GsjYfv+yj/1dQKnoqY8.1","action":"SyncServerConnectionManagerRequest", "result":"SYNC_SERVER_OK", "context":{"environment":"Prod_southeastasia_prod-s01-065-apac-southeastasia", "migrationStage":"NotStarted", "server":"akswtt10200000i"}}
{"logTime": "0916/015948", "correlationVector":"q91GsjYfv+yj/1dQKnoqY8.2","action":"ProcessGetUpdates", "result":"Done", "context":{"dataType":"Autofill Profiles", "deleted":"0", "process_failed_to_decrypt":"0", "process_pending_decryption":"0", "process_success":"28", "total":"28"}}
{"logTime": "0916/015948", "correlationVector":"q91GsjYfv+yj/1dQKnoqY8.3","action":"ProcessGetUpdates", "result":"Done", "context":{"dataType":"Autofill", "deleted":"0", "process_failed_to_decrypt":"0", "process_pending_decryption":"0", "process_success":"4", "total":"4"}}
{"logTime": "0916/015948", "correlationVector":"q91GsjYfv+yj/1dQKnoqY8.4","action":"ProcessGetUpdates", "result":"Done", "context":{"dataType":"Sessions", "deleted":"207", "process_failed_to_decrypt":"0", "process_pending_decryption":"0", "process_success":"207", "total":"207"}}
{"logTime": "0916/015948", "correlationVector":"q91GsjYfv+yj/1dQKnoqY8.5","action":"ProcessGetUpdates", "result":"Done", "context":{"dataType":"Edge Hub App Usage", "deleted":"9", "process_failed_to_decrypt":"0", "process_pending_decryption":"0", "process_success":"11", "total":"11"}}
{"logTime": "0916/015948", "correlationVector":"q91GsjYfv+yj/1dQKnoqY8.6","action":"GetUpdates Response", "result":"Success", "context":Received 250 update(s). cV=q91GsjYfv+yj/1dQKnoqY8.0;server=akswtt10200000i;cloudType=Consumer;environment=Prod_southeastasia_prod-s01-065-apac-southeastasia;migrationStage=NotStarted Some updates remain.}
{"logTime": "0916/015948", "correlationVector":"Ni/8VW5hwCzQ1EX4sLbAQs","action":"Initial GetUpdates", "result":"", "context":Reason: NEWLY_SUPPORTED_DATATYPE. cV=Ni/8VW5hwCzQ1EX4sLbAQs}
{"logTime": "0916/015949", "correlationVector":"Ni/8VW5hwCzQ1EX4sLbAQs.1","action":"SyncServerConnectionManagerRequest", "result":"SYNC_SERVER_OK", "context":{"environment":"Prod_southeastasia_prod-s01-065-apac-southeastasia", "migrationStage":"NotStarted", "server":"akswtt10200000t"}}
{"logTime": "0916/015949", "correlationVector":"Ni/8VW5hwCzQ1EX4sLbAQs.2","action":"ProcessGetUpdates", "result":"Done", "context":{"dataType":"Autofill Profiles", "deleted":"0", "process_failed_to_decrypt":"0", "process_pending_decryption":"0", "process_success":"6", "total":"6"}}
{"logTime": "0916/015949", "correlationVector":"Ni/8VW5hwCzQ1EX4sLbAQs.3","action":"ProcessGetUpdates", "result":"Done", "context":{"dataType":"Autofill", "deleted":"0", "process_failed_to_decrypt":"0", "process_pending_decryption":"0", "process_success":"14", "total":"14"}}
{"logTime": "0916/015949", "correlationVector":"Ni/8VW5hwCzQ1EX4sLbAQs.4","action":"ProcessGetUpdates", "result":"Done", "context":{"dataType":"Sessions", "deleted":"209", "process_failed_to_decrypt":"0", "process_pending_decryption":"0", "process_success":"209", "total":"209"}}
{"logTime": "0916/015949", "correlationVector":"Ni/8VW5hwCzQ1EX4sLbAQs.5","action":"ProcessGetUpdates", "result":"Done", "context":{"dataType":"Edge Hub App Usage", "deleted":"20", "process_failed_to_decrypt":"0", "process_pending_decryption":"0", "process_success":"21", "total":"21"}}
{"logTime": "0916/015949", "correlationVector":"Ni/8VW5hwCzQ1EX4sLbAQs.6","action":"GetUpdates Response", "result":"Success", "context":Received 250 update(s). cV=Ni/8VW5hwCzQ1EX4sLbAQs.0;server=akswtt10200000t;cloudType=Consumer;environment=Prod_southeastasia_prod-s01-065-apac-southeastasia;migrationStage=NotStarted Some updates remain.}
{"logTime": "0916/015949", "correlationVector":"HbCVKDRXVFpcJ8E+LYilFB","action":"Initial GetUpdates", "result":"", "context":Reason: NEWLY_SUPPORTED_DATATYPE. cV=HbCVKDRXVFpcJ8E+LYilFB}
{"logTime": "0916/015950", "correlationVector":"HbCVKDRXVFpcJ8E+LYilFB.1","action":"SyncServerConnectionManagerRequest", "result":"SYNC_SERVER_OK", "context":{"environment":"Prod_southeastasia_prod-s01-065-apac-southeastasia", "migrationStage":"NotStarted", "server":"akswtt10200000l"}}
{"logTime": "0916/015950", "correlationVector":"HbCVKDRXVFpcJ8E+LYilFB.2","action":"ProcessGetUpdates", "result":"Done", "context":{"dataType":"Autofill Profiles", "deleted":"0", "process_failed_to_decrypt":"0", "process_pending_decryption":"0", "process_success":"2", "total":"2"}}
{"logTime": "0916/015950", "correlationVector":"HbCVKDRXVFpcJ8E+LYilFB.3","action":"ProcessGetUpdates", "result":"Done", "context":{"dataType":"Autofill", "deleted":"0", "process_failed_to_decrypt":"0", "process_pending_decryption":"0", "process_success":"7", "total":"7"}}
{"logTime": "0916/015950", "correlationVector":"HbCVKDRXVFpcJ8E+LYilFB.4","action":"ProcessGetUpdates", "result":"Done", "context":{"dataType":"Sessions", "deleted":"206", "process_failed_to_decrypt":"0", "process_pending_decryption":"0", "process_success":"206", "total":"206"}}
{"logTime": "0916/015950", "correlationVector":"HbCVKDRXVFpcJ8E+LYilFB.5","action":"ProcessGetUpdates", "result":"Done", "context":{"dataType":"Web Apps", "deleted":"0", "process_failed_to_decrypt":"0", "process_pending_decryption":"0", "process_success":"1", "total":"1"}}
{"logTime": "0916/015950", "correlationVector":"HbCVKDRXVFpcJ8E+LYilFB.6","action":"ProcessGetUpdates", "result":"Done", "context":{"dataType":"Edge Hub App Usage", "deleted":"25", "process_failed_to_decrypt":"0", "process_pending_decryption":"0", "process_success":"34", "total":"34"}}
{"logTime": "0916/015950", "correlationVector":"HbCVKDRXVFpcJ8E+LYilFB.7","action":"GetUpdates Response", "result":"Success", "context":Received 250 update(s). cV=HbCVKDRXVFpcJ8E+LYilFB.0;server=akswtt10200000l;cloudType=Consumer;environment=Prod_southeastasia_prod-s01-065-apac-southeastasia;migrationStage=NotStarted Some updates remain.}
{"logTime": "0916/015950", "correlationVector":"fvE2poG0lzE89Jsg7ianwC","action":"Initial GetUpdates", "result":"", "context":Reason: NEWLY_SUPPORTED_DATATYPE. cV=fvE2poG0lzE89Jsg7ianwC}
{"logTime": "0916/015950", "correlationVector":"fvE2poG0lzE89Jsg7ianwC.1","action":"SyncServerConnectionManagerRequest", "result":"SYNC_SERVER_OK", "context":{"environment":"Prod_southeastasia_prod-s01-065-apac-southeastasia", "migrationStage":"NotStarted", "server":"akswtt102000001"}}
{"logTime": "0916/015950", "correlationVector":"fvE2poG0lzE89Jsg7ianwC.2","action":"ProcessGetUpdates", "result":"Done", "context":{"dataType":"Autofill Profiles", "deleted":"0", "process_failed_to_decrypt":"0", "process_pending_decryption":"0", "process_success":"1", "total":"1"}}
{"logTime": "0916/015950", "correlationVector":"fvE2poG0lzE89Jsg7ianwC.3","action":"ProcessGetUpdates", "result":"Done", "context":{"dataType":"Autofill", "deleted":"0", "process_failed_to_decrypt":"0", "process_pending_decryption":"0", "process_success":"4", "total":"4"}}
{"logTime": "0916/015950", "correlationVector":"fvE2poG0lzE89Jsg7ianwC.4","action":"ProcessGetUpdates", "result":"Done", "context":{"dataType":"Extensions", "deleted":"0", "process_failed_to_decrypt":"0", "process_pending_decryption":"0", "process_success":"1", "total":"1"}}
{"logTime": "0916/015950", "correlationVector":"fvE2poG0lzE89Jsg7ianwC.5","action":"ProcessGetUpdates", "result":"Done", "context":{"dataType":"Sessions", "deleted":"191", "process_failed_to_decrypt":"0", "process_pending_decryption":"0", "process_success":"194", "total":"194"}}
{"logTime": "0916/015950", "correlationVector":"fvE2poG0lzE89Jsg7ianwC.6","action":"ProcessGetUpdates", "result":"Done", "context":{"dataType":"Web Apps", "deleted":"0", "process_failed_to_decrypt":"0", "process_pending_decryption":"0", "process_success":"1", "total":"1"}}
{"logTime": "0916/015950", "correlationVector":"fvE2poG0lzE89Jsg7ianwC.7","action":"ProcessGetUpdates", "result":"Done", "context":{"dataType":"Edge Hub App Usage", "deleted":"29", "process_failed_to_decrypt":"0", "process_pending_decryption":"0", "process_success":"45", "total":"45"}}
{"logTime": "0916/015950", "correlationVector":"fvE2poG0lzE89Jsg7ianwC.8","action":"GetUpdates Response", "result":"Success", "context":Received 246 update(s). cV=fvE2poG0lzE89Jsg7ianwC.0;server=akswtt102000001;cloudType=Consumer;environment=Prod_southeastasia_prod-s01-065-apac-southeastasia;migrationStage=NotStarted}
{"logTime": "0916/015950", "correlationVector":"70TzHSWQ80p72IUfEaO7VE","action":"Initial GetUpdates", "result":"", "context":Reason: NEWLY_SUPPORTED_DATATYPE. cV=70TzHSWQ80p72IUfEaO7VE}
{"logTime": "0916/015951", "correlationVector":"70TzHSWQ80p72IUfEaO7VE.1","action":"SyncServerConnectionManagerRequest", "result":"SYNC_SERVER_OK", "context":{"environment":"Prod_southeastasia_prod-s01-065-apac-southeastasia", "migrationStage":"NotStarted", "server":"akswtt102000001"}}
{"logTime": "0916/015951", "correlationVector":"70TzHSWQ80p72IUfEaO7VE.2","action":"ProcessGetUpdates", "result":"Done", "context":{"dataType":"History", "deleted":"0", "process_failed_to_decrypt":"0", "process_pending_decryption":"0", "process_success":"250", "total":"250"}}
{"logTime": "0916/015951", "correlationVector":"70TzHSWQ80p72IUfEaO7VE.3","action":"GetUpdates Response", "result":"Success", "context":Received 250 update(s). cV=70TzHSWQ80p72IUfEaO7VE.0;server=akswtt102000001;cloudType=Consumer;environment=Prod_southeastasia_prod-s01-065-apac-southeastasia;migrationStage=NotStarted Some updates remain.}
{"logTime": "0916/015951", "correlationVector":"yMK4jz2H+LrVR899EWRx7e","action":"Initial GetUpdates", "result":"", "context":Reason: NEWLY_SUPPORTED_DATATYPE. cV=yMK4jz2H+LrVR899EWRx7e}
{"logTime": "0916/015952", "correlationVector":"yMK4jz2H+LrVR899EWRx7e.1","action":"SyncServerConnectionManagerRequest", "result":"SYNC_SERVER_OK", "context":{"environment":"Prod_southeastasia_prod-s01-065-apac-southeastasia", "migrationStage":"NotStarted", "server":"akswtt10200000a"}}
{"logTime": "0916/015952", "correlationVector":"yMK4jz2H+LrVR899EWRx7e.2","action":"ProcessGetUpdates", "result":"Done", "context":{"dataType":"History", "deleted":"0", "process_failed_to_decrypt":"0", "process_pending_decryption":"0", "process_success":"250", "total":"250"}}
{"logTime": "0916/015952", "correlationVector":"yMK4jz2H+LrVR899EWRx7e.3","action":"GetUpdates Response", "result":"Success", "context":Received 250 update(s). cV=yMK4jz2H+LrVR899EWRx7e.0;server=akswtt10200000a;cloudType=Consumer;environment=Prod_southeastasia_prod-s01-065-apac-southeastasia;migrationStage=NotStarted Some updates remain.}
{"logTime": "0916/015952", "correlationVector":"a3zgGWsv5IUq261LYpbtDJ","action":"Initial GetUpdates", "result":"", "context":Reason: NEWLY_SUPPORTED_DATATYPE. cV=a3zgGWsv5IUq261LYpbtDJ}
{"logTime": "0916/015953", "correlationVector":"a3zgGWsv5IUq261LYpbtDJ.1","action":"SyncServerConnectionManagerRequest", "result":"SYNC_SERVER_OK", "context":{"environment":"Prod_southeastasia_prod-s01-065-apac-southeastasia", "migrationStage":"NotStarted", "server":"akswtt10200000i"}}
{"logTime": "0916/015953", "correlationVector":"a3zgGWsv5IUq261LYpbtDJ.2","action":"ProcessGetUpdates", "result":"Done", "context":{"dataType":"History", "deleted":"0", "process_failed_to_decrypt":"0", "process_pending_decryption":"0", "process_success":"250", "total":"250"}}
{"logTime": "0916/015953", "correlationVector":"a3zgGWsv5IUq261LYpbtDJ.3","action":"GetUpdates Response", "result":"Success", "context":Received 250 update(s). cV=a3zgGWsv5IUq261LYpbtDJ.0;server=akswtt10200000i;cloudType=Consumer;environment=Prod_southeastasia_prod-s01-065-apac-southeastasia;migrationStage=NotStarted Some updates remain.}
{"logTime": "0916/015953", "correlationVector":"kElIxzUAmOaDUYgtEgYulY","action":"Initial GetUpdates", "result":"", "context":Reason: NEWLY_SUPPORTED_DATATYPE. cV=kElIxzUAmOaDUYgtEgYulY}
{"logTime": "0916/015954", "correlationVector":"kElIxzUAmOaDUYgtEgYulY.1","action":"SyncServerConnectionManagerRequest", "result":"SYNC_SERVER_OK", "context":{"environment":"Prod_southeastasia_prod-s01-065-apac-southeastasia", "migrationStage":"NotStarted", "server":"akswtt10200000i"}}
{"logTime": "0916/015954", "correlationVector":"kElIxzUAmOaDUYgtEgYulY.2","action":"ProcessGetUpdates", "result":"Done", "context":{"dataType":"History", "deleted":"0", "process_failed_to_decrypt":"0", "process_pending_decryption":"0", "process_success":"250", "total":"250"}}
{"logTime": "0916/015954", "correlationVector":"kElIxzUAmOaDUYgtEgYulY.3","action":"GetUpdates Response", "result":"Success", "context":Received 250 update(s). cV=kElIxzUAmOaDUYgtEgYulY.0;server=akswtt10200000i;cloudType=Consumer;environment=Prod_southeastasia_prod-s01-065-apac-southeastasia;migrationStage=NotStarted Some updates remain.}
{"logTime": "0916/015954", "correlationVector":"12SoqxB9boVhdQstEtSJwF","action":"Initial GetUpdates", "result":"", "context":Reason: NEWLY_SUPPORTED_DATATYPE. cV=12SoqxB9boVhdQstEtSJwF}
{"logTime": "0916/015955", "correlationVector":"12SoqxB9boVhdQstEtSJwF.1","action":"SyncServerConnectionManagerRequest", "result":"SYNC_SERVER_OK", "context":{"environment":"Prod_southeastasia_prod-s01-065-apac-southeastasia", "migrationStage":"NotStarted", "server":"akswtt10200000a"}}
{"logTime": "0916/015955", "correlationVector":"12SoqxB9boVhdQstEtSJwF.2","action":"ProcessGetUpdates", "result":"Done", "context":{"dataType":"History", "deleted":"0", "process_failed_to_decrypt":"0", "process_pending_decryption":"0", "process_success":"250", "total":"250"}}
{"logTime": "0916/015955", "correlationVector":"12SoqxB9boVhdQstEtSJwF.3","action":"GetUpdates Response", "result":"Success", "context":Received 250 update(s). cV=12SoqxB9boVhdQstEtSJwF.0;server=akswtt10200000a;cloudType=Consumer;environment=Prod_southeastasia_prod-s01-065-apac-southeastasia;migrationStage=NotStarted Some updates remain.}
{"logTime": "0916/015955", "correlationVector":"5Vqrv1bMm34a8AvzlrKA45","action":"Initial GetUpdates", "result":"", "context":Reason: NEWLY_SUPPORTED_DATATYPE. cV=5Vqrv1bMm34a8AvzlrKA45}
{"logTime": "0916/015955", "correlationVector":"5Vqrv1bMm34a8AvzlrKA45.1","action":"SyncServerConnectionManagerRequest", "result":"SYNC_SERVER_OK", "context":{"environment":"Prod_southeastasia_prod-s01-065-apac-southeastasia", "migrationStage":"NotStarted", "server":"akswtt102000011"}}
{"logTime": "0916/015955", "correlationVector":"5Vqrv1bMm34a8AvzlrKA45.2","action":"ProcessGetUpdates", "result":"Done", "context":{"dataType":"History", "deleted":"0", "process_failed_to_decrypt":"0", "process_pending_decryption":"0", "process_success":"250", "total":"250"}}
{"logTime": "0916/015955", "correlationVector":"5Vqrv1bMm34a8AvzlrKA45.3","action":"GetUpdates Response", "result":"Success", "context":Received 250 update(s). cV=5Vqrv1bMm34a8AvzlrKA45.0;server=akswtt102000011;cloudType=Consumer;environment=Prod_southeastasia_prod-s01-065-apac-southeastasia;migrationStage=NotStarted Some updates remain.}
{"logTime": "0916/015955", "correlationVector":"zr5+iVZBR3vnSs+ZMKsxhR","action":"Initial GetUpdates", "result":"", "context":Reason: NEWLY_SUPPORTED_DATATYPE. cV=zr5+iVZBR3vnSs+ZMKsxhR}
{"logTime": "0916/015956", "correlationVector":"zr5+iVZBR3vnSs+ZMKsxhR.1","action":"SyncServerConnectionManagerRequest", "result":"SYNC_SERVER_OK", "context":{"environment":"Prod_southeastasia_prod-s01-065-apac-southeastasia", "migrationStage":"NotStarted", "server":"akswtt10200000s"}}
{"logTime": "0916/015956", "correlationVector":"zr5+iVZBR3vnSs+ZMKsxhR.2","action":"ProcessGetUpdates", "result":"Done", "context":{"dataType":"History", "deleted":"0", "process_failed_to_decrypt":"0", "process_pending_decryption":"0", "process_success":"250", "total":"250"}}
{"logTime": "0916/015956", "correlationVector":"zr5+iVZBR3vnSs+ZMKsxhR.3","action":"GetUpdates Response", "result":"Success", "context":Received 250 update(s). cV=zr5+iVZBR3vnSs+ZMKsxhR.0;server=akswtt10200000s;cloudType=Consumer;environment=Prod_southeastasia_prod-s01-065-apac-southeastasia;migrationStage=NotStarted Some updates remain.}
{"logTime": "0916/015956", "correlationVector":"SeFsRwBV3KrB57J/V8coZF","action":"Initial GetUpdates", "result":"", "context":Reason: NEWLY_SUPPORTED_DATATYPE. cV=SeFsRwBV3KrB57J/V8coZF}
{"logTime": "0916/015957", "correlationVector":"SeFsRwBV3KrB57J/V8coZF.1","action":"SyncServerConnectionManagerRequest", "result":"SYNC_SERVER_OK", "context":{"environment":"Prod_southeastasia_prod-s01-065-apac-southeastasia", "migrationStage":"NotStarted", "server":"akswtt102000002"}}
{"logTime": "0916/015957", "correlationVector":"SeFsRwBV3KrB57J/V8coZF.2","action":"ProcessGetUpdates", "result":"Done", "context":{"dataType":"History", "deleted":"0", "process_failed_to_decrypt":"0", "process_pending_decryption":"0", "process_success":"250", "total":"250"}}
{"logTime": "0916/015957", "correlationVector":"SeFsRwBV3KrB57J/V8coZF.3","action":"GetUpdates Response", "result":"Success", "context":Received 250 update(s). cV=SeFsRwBV3KrB57J/V8coZF.0;server=akswtt102000002;cloudType=Consumer;environment=Prod_southeastasia_prod-s01-065-apac-southeastasia;migrationStage=NotStarted Some updates remain.}
{"logTime": "0916/015957", "correlationVector":"ru01wqT4t1yj7Gxz7fWz2U","action":"Initial GetUpdates", "result":"", "context":Reason: NEWLY_SUPPORTED_DATATYPE. cV=ru01wqT4t1yj7Gxz7fWz2U}
{"logTime": "0916/015957", "correlationVector":"ru01wqT4t1yj7Gxz7fWz2U.1","action":"SyncServerConnectionManagerRequest", "result":"SYNC_SERVER_OK", "context":{"environment":"Prod_southeastasia_prod-s01-065-apac-southeastasia", "migrationStage":"NotStarted", "server":"akswtt10200000l"}}
{"logTime": "0916/015957", "correlationVector":"ru01wqT4t1yj7Gxz7fWz2U.2","action":"ProcessGetUpdates", "result":"Done", "context":{"dataType":"History", "deleted":"0", "process_failed_to_decrypt":"0", "process_pending_decryption":"0", "process_success":"250", "total":"250"}}
{"logTime": "0916/015957", "correlationVector":"ru01wqT4t1yj7Gxz7fWz2U.3","action":"GetUpdates Response", "result":"Success", "context":Received 250 update(s). cV=ru01wqT4t1yj7Gxz7fWz2U.0;server=akswtt10200000l;cloudType=Consumer;environment=Prod_southeastasia_prod-s01-065-apac-southeastasia;migrationStage=NotStarted Some updates remain.}
{"logTime": "0916/015957", "correlationVector":"S3/SozeyGC1QQ0eX+u7dQ7","action":"Initial GetUpdates", "result":"", "context":Reason: NEWLY_SUPPORTED_DATATYPE. cV=S3/SozeyGC1QQ0eX+u7dQ7}
{"logTime": "0916/015958", "correlationVector":"S3/SozeyGC1QQ0eX+u7dQ7.1","action":"SyncServerConnectionManagerRequest", "result":"SYNC_SERVER_OK", "context":{"environment":"Prod_southeastasia_prod-s01-065-apac-southeastasia", "migrationStage":"NotStarted", "server":"akswtt10200000i"}}
{"logTime": "0916/015958", "correlationVector":"S3/SozeyGC1QQ0eX+u7dQ7.2","action":"ProcessGetUpdates", "result":"Done", "context":{"dataType":"History", "deleted":"0", "process_failed_to_decrypt":"0", "process_pending_decryption":"0", "process_success":"250", "total":"250"}}
{"logTime": "0916/015958", "correlationVector":"S3/SozeyGC1QQ0eX+u7dQ7.3","action":"GetUpdates Response", "result":"Success", "context":Received 250 update(s). cV=S3/SozeyGC1QQ0eX+u7dQ7.0;server=akswtt10200000i;cloudType=Consumer;environment=Prod_southeastasia_prod-s01-065-apac-southeastasia;migrationStage=NotStarted Some updates remain.}
{"logTime": "0916/015958", "correlationVector":"l3PUPvy+MVg05zCNIR1di3","action":"Initial GetUpdates", "result":"", "context":Reason: NEWLY_SUPPORTED_DATATYPE. cV=l3PUPvy+MVg05zCNIR1di3}
{"logTime": "0916/015958", "correlationVector":"l3PUPvy+MVg05zCNIR1di3.1","action":"SyncServerConnectionManagerRequest", "result":"SYNC_SERVER_OK", "context":{"environment":"Prod_southeastasia_prod-s01-065-apac-southeastasia", "migrationStage":"NotStarted", "server":"akswtt10200000c"}}
{"logTime": "0916/015958", "correlationVector":"l3PUPvy+MVg05zCNIR1di3.2","action":"ProcessGetUpdates", "result":"Done", "context":{"dataType":"History", "deleted":"0", "process_failed_to_decrypt":"0", "process_pending_decryption":"0", "process_success":"250", "total":"250"}}
{"logTime": "0916/015958", "correlationVector":"l3PUPvy+MVg05zCNIR1di3.3","action":"GetUpdates Response", "result":"Success", "context":Received 250 update(s). cV=l3PUPvy+MVg05zCNIR1di3.0;server=akswtt10200000c;cloudType=Consumer;environment=Prod_southeastasia_prod-s01-065-apac-southeastasia;migrationStage=NotStarted Some updates remain.}
{"logTime": "0916/015958", "correlationVector":"ay3JNaQiAxanMrhfzRHJQ0","action":"Initial GetUpdates", "result":"", "context":Reason: NEWLY_SUPPORTED_DATATYPE. cV=ay3JNaQiAxanMrhfzRHJQ0}
{"logTime": "0916/015959", "correlationVector":"ay3JNaQiAxanMrhfzRHJQ0.1","action":"SyncServerConnectionManagerRequest", "result":"SYNC_SERVER_OK", "context":{"environment":"Prod_southeastasia_prod-s01-065-apac-southeastasia", "migrationStage":"NotStarted", "server":"akswtt10200000a"}}
{"logTime": "0916/015959", "correlationVector":"ay3JNaQiAxanMrhfzRHJQ0.2","action":"ProcessGetUpdates", "result":"Done", "context":{"dataType":"History", "deleted":"0", "process_failed_to_decrypt":"0", "process_pending_decryption":"0", "process_success":"250", "total":"250"}}
{"logTime": "0916/015959", "correlationVector":"ay3JNaQiAxanMrhfzRHJQ0.3","action":"GetUpdates Response", "result":"Success", "context":Received 250 update(s). cV=ay3JNaQiAxanMrhfzRHJQ0.0;server=akswtt10200000a;cloudType=Consumer;environment=Prod_southeastasia_prod-s01-065-apac-southeastasia;migrationStage=NotStarted Some updates remain.}
{"logTime": "0916/015959", "correlationVector":"7xeA87B8VQ6kojlV80kKeU","action":"Initial GetUpdates", "result":"", "context":Reason: NEWLY_SUPPORTED_DATATYPE. cV=7xeA87B8VQ6kojlV80kKeU}
{"logTime": "0916/020000", "correlationVector":"7xeA87B8VQ6kojlV80kKeU.1","action":"SyncServerConnectionManagerRequest", "result":"SYNC_SERVER_OK", "context":{"environment":"Prod_southeastasia_prod-s01-065-apac-southeastasia", "migrationStage":"NotStarted", "server":"akswtt102000007"}}
{"logTime": "0916/020000", "correlationVector":"7xeA87B8VQ6kojlV80kKeU.2","action":"ProcessGetUpdates", "result":"Done", "context":{"dataType":"History", "deleted":"0", "process_failed_to_decrypt":"0", "process_pending_decryption":"0", "process_success":"250", "total":"250"}}
{"logTime": "0916/020000", "correlationVector":"7xeA87B8VQ6kojlV80kKeU.3","action":"GetUpdates Response", "result":"Success", "context":Received 250 update(s). cV=7xeA87B8VQ6kojlV80kKeU.0;server=akswtt102000007;cloudType=Consumer;environment=Prod_southeastasia_prod-s01-065-apac-southeastasia;migrationStage=NotStarted Some updates remain.}
{"logTime": "0916/020000", "correlationVector":"4EtdJlb0Q7kNY445EY91XY","action":"Initial GetUpdates", "result":"", "context":Reason: NEWLY_SUPPORTED_DATATYPE. cV=4EtdJlb0Q7kNY445EY91XY}
{"logTime": "0916/020000", "correlationVector":"4EtdJlb0Q7kNY445EY91XY.1","action":"SyncServerConnectionManagerRequest", "result":"SYNC_SERVER_OK", "context":{"environment":"Prod_southeastasia_prod-s01-065-apac-southeastasia", "migrationStage":"NotStarted", "server":"akswtt10200000l"}}
{"logTime": "0916/020000", "correlationVector":"4EtdJlb0Q7kNY445EY91XY.2","action":"ProcessGetUpdates", "result":"Done", "context":{"dataType":"History", "deleted":"0", "process_failed_to_decrypt":"0", "process_pending_decryption":"0", "process_success":"7", "total":"7"}}
{"logTime": "0916/020000", "correlationVector":"4EtdJlb0Q7kNY445EY91XY.3","action":"GetUpdates Response", "result":"Success", "context":Received 7 update(s). cV=4EtdJlb0Q7kNY445EY91XY.0;server=akswtt10200000l;cloudType=Consumer;environment=Prod_southeastasia_prod-s01-065-apac-southeastasia;migrationStage=NotStarted}
{"logTime": "0916/020000", "correlationVector":"NzSf+QvJmE19DpZEX0CH4V","action":"Normal GetUpdate request", "result":"", "context":cV=NzSf+QvJmE19DpZEX0CH4V
Nudged types: Preferences, Passwords, Sessions, Device Info, User Consents, Web Apps
Refresh requested types: Bookmarks, Preferences, Passwords, Autofill Profiles, Autofill, Extensions, Sessions, Extension settings, History Delete Directives, Device Info, User Consents, Send Tab To Self, Web Apps, History, Saved Tab Group, WebAuthn Credentials, Collection, Edge E Drop, Edge Hub App Usage, Edge Wallet, Encryption Keys}
{"logTime": "0916/020000", "correlationVector":"NzSf+QvJmE19DpZEX0CH4V.1","action":"SyncServerConnectionManagerRequest", "result":"SYNC_SERVER_OK", "context":{"environment":"Prod_southeastasia_prod-s01-065-apac-southeastasia", "migrationStage":"NotStarted", "server":"akswtt102000007"}}
{"logTime": "0916/020000", "correlationVector":"NzSf+QvJmE19DpZEX0CH4V.2","action":"GetUpdates Response", "result":"Success", "context":Received 0 update(s). cV=NzSf+QvJmE19DpZEX0CH4V.0;server=akswtt102000007;cloudType=Consumer;environment=Prod_southeastasia_prod-s01-065-apac-southeastasia;migrationStage=NotStarted}
{"logTime": "0916/020000", "correlationVector":"ZUeHMNQdWPxwG/mekeUhve","action":"Commit Request", "result":"", "context":Item count: 8
Contributing types: Preferences, Passwords, Sessions, Device Info, User Consents, Web Apps}
{"logTime": "0916/020001", "correlationVector":"ZUeHMNQdWPxwG/mekeUhve.1","action":"SyncServerConnectionManagerRequest", "result":"SYNC_SERVER_OK", "context":{"environment":"Prod_southeastasia_prod-s01-065-apac-southeastasia", "migrationStage":"NotStarted", "server":"akswtt10200000h"}}
{"logTime": "0916/020001", "correlationVector":"ZUeHMNQdWPxwG/mekeUhve.2","action":"Commit Response", "result":"Success", "context":Result: Success. cV=ZUeHMNQdWPxwG/mekeUhve.0;server=akswtt10200000h;cloudType=Consumer;environment=Prod_southeastasia_prod-s01-065-apac-southeastasia;migrationStage=NotStarted}
{"logTime": "0916/020002", "correlationVector":"nFEr34+VUE3rGJ4zbSQ3Qf","action":"Commit Request", "result":"", "context":Item count: 2
Contributing types: Sessions, History}
{"logTime": "0916/020002", "correlationVector":"nFEr34+VUE3rGJ4zbSQ3Qf.1","action":"SyncServerConnectionManagerRequest", "result":"SYNC_SERVER_OK", "context":{"environment":"Prod_southeastasia_prod-s01-065-apac-southeastasia", "migrationStage":"NotStarted", "server":"akswtt10200000p"}}
{"logTime": "0916/020002", "correlationVector":"nFEr34+VUE3rGJ4zbSQ3Qf.2","action":"Commit Response", "result":"Success", "context":Result: Success. cV=nFEr34+VUE3rGJ4zbSQ3Qf.0;server=akswtt10200000p;cloudType=Consumer;environment=Prod_southeastasia_prod-s01-065-apac-southeastasia;migrationStage=NotStarted}
{"logTime": "0916/020138", "correlationVector":"+R+x/HK+FYso6zDuXqgpFY.1","action":"SyncServerConnectionManagerRequest", "result":"SYNC_SERVER_OK", "context":{"environment":"Prod_southeastasia_prod-s01-065-apac-southeastasia", "migrationStage":"NotStarted", "server":"akswtt10200000s"}}
{"logTime": "0916/020138", "correlationVector":"+R+x/HK+FYso6zDuXqgpFY.2","action":"ProcessGetUpdates", "result":"Done", "context":{"dataType":"Encryption Keys", "deleted":"0", "process_failed_to_decrypt":"0", "process_pending_decryption":"0", "process_success":"1", "total":"1"}}
{"logTime": "0916/020139", "correlationVector":"h50+DrqVusiJJdkDsNDX6k","action":"SyncServerConnectionManagerRequest", "result":"SYNC_SERVER_OK", "context":{"environment":"", "migrationStage":"", "server":""}}
{"logTime": "0916/020139", "correlationVector":"h50+DrqVusiJJdkDsNDX6k.0","action":"EncryptionKeysFetcher.DownloadKeys:", "result":"Success", "context":Key count: 5, Last key timestamp: 2025-04-07T12:53:29Z}
{"logTime": "0916/020139", "correlationVector":"h50+DrqVusiJJdkDsNDX6k.1","action":"EncryptionKeysManager::SetEncryptionKeys:", "result":"Success", "context":Key names[5]:[6LZGL8qKUEUjc0JMkTTfESLeZ5mcC4R76NRvddO2En+5rGviVjC62Kwd+8SDQ74E6XUsZSzy3ph2RXyCI3Du7w==][9FNAcA6OtfQ9OjmnauXaxv7ZDpEwBVtEr5gx8Y+wMlC4JGxo8h7uUXyPUO4/VyV9x++teXv5vtPlTsv1SumXEQ==][GOwl6pRwKGtZvxmvmdlRLdnc3f49a1ZA0u+rpa8B0cTKtv7L75jDKsmyKdku82iyUBFCKB9FwZbMO7Kjtcsd5Q==][vB4Zzjz7q15TePSTxi/KizmSH+O48wdPky5EN04vQA54bDmmBGrf9g7XVB0L7WDPVqkTbmemxn39FQdRjMWlnQ==][knsLHtCFQCFHzsdqpUHbXYtb+norEGh8lo2/G2a54JbbOv+ib/Q5/c3sWTSqGsyawpoE4naXo5QlZWq0TRgMQw==]}
{"logTime": "0916/020139", "correlationVector":"h50+DrqVusiJJdkDsNDX6k.2","action":"EncryptionKeysManager::SetEncryptionKeysWithTimestamps:", "result":"Success", "context":Key timestamps[5]:[2022-12-24T11:12:02Z][2023-11-16T12:52:41Z][2024-04-09T10:43:04Z][2024-10-07T02:30:01Z][2025-04-07T12:53:29Z]}
{"logTime": "0916/020139", "correlationVector":"+R+x/HK+FYso6zDuXqgpFY","action":"Initial GetUpdates", "result":"", "context":Reason: NEW_CLIENT. cV=+R+x/HK+FYso6zDuXqgpFY}
{"logTime": "0916/020139", "correlationVector":"+R+x/HK+FYso6zDuXqgpFY.3","action":"GetUpdates Response", "result":"Success", "context":Received 1 update(s). cV=+R+x/HK+FYso6zDuXqgpFY.0;server=akswtt10200000s;cloudType=Consumer;environment=Prod_southeastasia_prod-s01-065-apac-southeastasia;migrationStage=NotStarted}
{"logTime": "0916/020139", "correlationVector":"GlbiHG8iShp/KZv0jF7IOX","action":"Initial GetUpdates", "result":"", "context":Reason: NEWLY_SUPPORTED_DATATYPE. cV=GlbiHG8iShp/KZv0jF7IOX}
{"logTime": "0916/020139", "correlationVector":"GlbiHG8iShp/KZv0jF7IOX.1","action":"SyncServerConnectionManagerRequest", "result":"SYNC_SERVER_OK", "context":{"environment":"Prod_southeastasia_prod-s01-065-apac-southeastasia", "migrationStage":"NotStarted", "server":"akswtt10200000s"}}
{"logTime": "0916/020139", "correlationVector":"GlbiHG8iShp/KZv0jF7IOX.2","action":"ProcessGetUpdates", "result":"Done", "context":{"dataType":"Passwords", "deleted":"1", "process_failed_to_decrypt":"0", "process_pending_decryption":"0", "process_success":"45", "total":"45"}}
{"logTime": "0916/020139", "correlationVector":"GlbiHG8iShp/KZv0jF7IOX.3","action":"GetUpdates Response", "result":"Success", "context":Received 45 update(s). cV=GlbiHG8iShp/KZv0jF7IOX.0;server=akswtt10200000s;cloudType=Consumer;environment=Prod_southeastasia_prod-s01-065-apac-southeastasia;migrationStage=NotStarted}
{"logTime": "0916/020139", "correlationVector":"B1sR9Tv5qQP1J/dG0dkFN7","action":"Normal GetUpdate request", "result":"", "context":cV=B1sR9Tv5qQP1J/dG0dkFN7
Nudged types: Sessions, History
Refresh requested types: Bookmarks, Preferences, Passwords, Autofill Profiles, Autofill, Extensions, Sessions, Extension settings, History Delete Directives, Device Info, User Consents, Send Tab To Self, Web Apps, History, Saved Tab Group, WebAuthn Credentials, Collection, Edge E Drop, Edge Hub App Usage, Edge Wallet, Encryption Keys}
{"logTime": "0916/020139", "correlationVector":"B1sR9Tv5qQP1J/dG0dkFN7.1","action":"SyncServerConnectionManagerRequest", "result":"SYNC_SERVER_OK", "context":{"environment":"Prod_southeastasia_prod-s01-065-apac-southeastasia", "migrationStage":"NotStarted", "server":"akswtt102000011"}}
{"logTime": "0916/020139", "correlationVector":"B1sR9Tv5qQP1J/dG0dkFN7.2","action":"ProcessGetUpdates", "result":"Done", "context":{"dataType":"Preferences", "deleted":"0", "process_failed_to_decrypt":"0", "process_pending_decryption":"0", "process_success":"1", "total":"1"}}
{"logTime": "0916/020139", "correlationVector":"B1sR9Tv5qQP1J/dG0dkFN7.3","action":"ProcessGetUpdates", "result":"Done", "context":{"dataType":"Sessions", "deleted":"0", "process_failed_to_decrypt":"0", "process_pending_decryption":"0", "process_success":"3", "total":"3"}}
{"logTime": "0916/020139", "correlationVector":"B1sR9Tv5qQP1J/dG0dkFN7.4","action":"ProcessGetUpdates", "result":"Done", "context":{"dataType":"Device Info", "deleted":"0", "process_failed_to_decrypt":"0", "process_pending_decryption":"0", "process_success":"1", "total":"1"}}
{"logTime": "0916/020139", "correlationVector":"B1sR9Tv5qQP1J/dG0dkFN7.5","action":"ProcessGetUpdates", "result":"Done", "context":{"dataType":"Web Apps", "deleted":"0", "process_failed_to_decrypt":"0", "process_pending_decryption":"0", "process_success":"1", "total":"1"}}
{"logTime": "0916/020139", "correlationVector":"B1sR9Tv5qQP1J/dG0dkFN7.6","action":"ProcessGetUpdates", "result":"Done", "context":{"dataType":"History", "deleted":"0", "process_failed_to_decrypt":"0", "process_pending_decryption":"0", "process_success":"1", "total":"1"}}
{"logTime": "0916/020139", "correlationVector":"B1sR9Tv5qQP1J/dG0dkFN7.7","action":"GetUpdates Response", "result":"Success", "context":Received 7 update(s). cV=B1sR9Tv5qQP1J/dG0dkFN7.0;server=akswtt102000011;cloudType=Consumer;environment=Prod_southeastasia_prod-s01-065-apac-southeastasia;migrationStage=NotStarted}
{"logTime": "0916/020139", "correlationVector":"mOUs2H+5p56XKR/jyPdLCC","action":"Commit Request", "result":"", "context":Item count: 5
Contributing types: Sessions, History}
{"logTime": "0916/020140", "correlationVector":"mOUs2H+5p56XKR/jyPdLCC.1","action":"SyncServerConnectionManagerRequest", "result":"SYNC_SERVER_OK", "context":{"environment":"Prod_southeastasia_prod-s01-064-apac-southeastasia", "migrationStage":"NotStarted", "server":"akswtt10200000i"}}
{"logTime": "0916/020140", "correlationVector":"mOUs2H+5p56XKR/jyPdLCC.2","action":"Commit Response", "result":"Success", "context":Result: Success. cV=mOUs2H+5p56XKR/jyPdLCC.0;server=akswtt10200000i;cloudType=Consumer;environment=Prod_southeastasia_prod-s01-064-apac-southeastasia;migrationStage=NotStarted}
{"logTime": "0916/020140", "correlationVector":"2AlCrYw0GKnLsrca+hNvTX","action":"Commit Request", "result":"", "context":Item count: 2
Contributing types: Preferences, Passwords}
{"logTime": "0916/020141", "correlationVector":"2AlCrYw0GKnLsrca+hNvTX.1","action":"SyncServerConnectionManagerRequest", "result":"SYNC_SERVER_OK", "context":{"environment":"Prod_southeastasia_prod-s01-065-apac-southeastasia", "migrationStage":"NotStarted", "server":"akswtt102000000"}}
{"logTime": "0916/020141", "correlationVector":"2AlCrYw0GKnLsrca+hNvTX.2","action":"Commit Response", "result":"Success", "context":Result: Success. cV=2AlCrYw0GKnLsrca+hNvTX.0;server=akswtt102000000;cloudType=Consumer;environment=Prod_southeastasia_prod-s01-065-apac-southeastasia;migrationStage=NotStarted}
